2025-04-18 18:35:17,496 INFO: Application startup [in E:\eims\eims-client_project\eims_client_backend\run.py:33]
2025-04-18 18:35:18,665 INFO: Application startup [in E:\eims\eims-client_project\eims_client_backend\run.py:33]
2025-04-18 18:35:20,387 ERROR: Error fetching packages: 17 [in E:\eims\eims-client_project\eims_client_backend\app\routes.py:353]
2025-04-18 18:35:20,564 INFO: Raw user data from database: {'userid': 2, 'firstname': 'Ad', 'lastname': 'Min', 'username': None, 'email': 'admin@example.com', 'contactnumber': '09216522810', 'address': 'Philippines, Iligan City, Plaza', 'user_type': 'admin', 'user_img': '/img/dummy_profile.png'} [in E:\eims\eims-client_project\eims_client_backend\app\models.py:1590]
2025-04-18 18:35:20,565 INFO: Final user data: {'userid': 2, 'firstname': 'Ad', 'lastname': 'Min', 'username': None, 'email': 'admin@example.com', 'contactnumber': '09216522810', 'address': 'Philippines, Iligan City, Plaza', 'user_type': 'admin', 'user_img': '/img/dummy_profile.png'} [in E:\eims\eims-client_project\eims_client_backend\app\models.py:1597]
2025-04-18 18:35:37,252 INFO: Raw user data from database: {'userid': 1, 'firstname': 'Dummy', 'lastname': 'Boogie', 'username': 'dummybogie', 'email': 'dummy@gmail.com', 'contactnumber': '09216522810', 'address': 'East Blue', 'user_type': 'client', 'user_img': 'profile_1_20250417_012708_5fc81b48.jpg'} [in E:\eims\eims-client_project\eims_client_backend\app\models.py:1590]
2025-04-18 18:35:37,253 INFO: Final user data: {'userid': 1, 'firstname': 'Dummy', 'lastname': 'Boogie', 'username': 'dummybogie', 'email': 'dummy@gmail.com', 'contactnumber': '09216522810', 'address': 'East Blue', 'user_type': 'client', 'user_img': 'profile_1_20250417_012708_5fc81b48.jpg'} [in E:\eims\eims-client_project\eims_client_backend\app\models.py:1597]
2025-04-18 18:35:37,837 ERROR: Error fetching packages: 17 [in E:\eims\eims-client_project\eims_client_backend\app\routes.py:353]
2025-04-18 18:38:31,351 ERROR: Error fetching packages: 17 [in E:\eims\eims-client_project\eims_client_backend\app\routes.py:353]
2025-04-18 18:38:31,543 INFO: Raw user data from database: {'userid': 1, 'firstname': 'Dummy', 'lastname': 'Boogie', 'username': 'dummybogie', 'email': 'dummy@gmail.com', 'contactnumber': '09216522810', 'address': 'East Blue', 'user_type': 'client', 'user_img': 'profile_1_20250417_012708_5fc81b48.jpg'} [in E:\eims\eims-client_project\eims_client_backend\app\models.py:1590]
2025-04-18 18:38:31,544 INFO: Final user data: {'userid': 1, 'firstname': 'Dummy', 'lastname': 'Boogie', 'username': 'dummybogie', 'email': 'dummy@gmail.com', 'contactnumber': '09216522810', 'address': 'East Blue', 'user_type': 'client', 'user_img': 'profile_1_20250417_012708_5fc81b48.jpg'} [in E:\eims\eims-client_project\eims_client_backend\app\models.py:1597]
2025-04-18 18:43:37,495 ERROR: Error fetching packages: 17 [in E:\eims\eims-client_project\eims_client_backend\app\routes.py:353]
2025-04-18 18:43:37,618 INFO: Raw user data from database: {'userid': 1, 'firstname': 'Dummy', 'lastname': 'Boogie', 'username': 'dummybogie', 'email': 'dummy@gmail.com', 'contactnumber': '09216522810', 'address': 'East Blue', 'user_type': 'client', 'user_img': 'profile_1_20250417_012708_5fc81b48.jpg'} [in E:\eims\eims-client_project\eims_client_backend\app\models.py:1590]
2025-04-18 18:43:37,619 INFO: Final user data: {'userid': 1, 'firstname': 'Dummy', 'lastname': 'Boogie', 'username': 'dummybogie', 'email': 'dummy@gmail.com', 'contactnumber': '09216522810', 'address': 'East Blue', 'user_type': 'client', 'user_img': 'profile_1_20250417_012708_5fc81b48.jpg'} [in E:\eims\eims-client_project\eims_client_backend\app\models.py:1597]
2025-04-18 18:48:46,503 INFO: Application startup [in E:\eims\eims-client_project\eims_client_backend\run.py:33]
2025-04-18 18:48:58,654 INFO: Raw user data from database: {'userid': 1, 'firstname': 'Dummy', 'lastname': 'Boogie', 'username': 'dummybogie', 'email': 'dummy@gmail.com', 'contactnumber': '09216522810', 'address': 'East Blue', 'user_type': 'client', 'user_img': 'profile_1_20250417_012708_5fc81b48.jpg'} [in E:\eims\eims-client_project\eims_client_backend\app\models.py:1590]
2025-04-18 18:48:58,656 INFO: Final user data: {'userid': 1, 'firstname': 'Dummy', 'lastname': 'Boogie', 'username': 'dummybogie', 'email': 'dummy@gmail.com', 'contactnumber': '09216522810', 'address': 'East Blue', 'user_type': 'client', 'user_img': 'profile_1_20250417_012708_5fc81b48.jpg'} [in E:\eims\eims-client_project\eims_client_backend\app\models.py:1597]
2025-04-18 18:49:24,486 INFO: Raw user data from database: {'userid': 1, 'firstname': 'Dummy', 'lastname': 'Boogie', 'username': 'dummybogie', 'email': 'dummy@gmail.com', 'contactnumber': '09216522810', 'address': 'East Blue', 'user_type': 'client', 'user_img': 'profile_1_20250417_012708_5fc81b48.jpg'} [in E:\eims\eims-client_project\eims_client_backend\app\models.py:1590]
2025-04-18 18:49:24,487 INFO: Final user data: {'userid': 1, 'firstname': 'Dummy', 'lastname': 'Boogie', 'username': 'dummybogie', 'email': 'dummy@gmail.com', 'contactnumber': '09216522810', 'address': 'East Blue', 'user_type': 'client', 'user_img': 'profile_1_20250417_012708_5fc81b48.jpg'} [in E:\eims\eims-client_project\eims_client_backend\app\models.py:1597]
2025-04-18 18:51:32,679 INFO: Raw user data from database: {'userid': 1, 'firstname': 'Dummy', 'lastname': 'Boogie', 'username': 'dummybogie', 'email': 'dummy@gmail.com', 'contactnumber': '09216522810', 'address': 'East Blue', 'user_type': 'client', 'user_img': 'profile_1_20250417_012708_5fc81b48.jpg'} [in E:\eims\eims-client_project\eims_client_backend\app\models.py:1590]
2025-04-18 18:51:32,680 INFO: Final user data: {'userid': 1, 'firstname': 'Dummy', 'lastname': 'Boogie', 'username': 'dummybogie', 'email': 'dummy@gmail.com', 'contactnumber': '09216522810', 'address': 'East Blue', 'user_type': 'client', 'user_img': 'profile_1_20250417_012708_5fc81b48.jpg'} [in E:\eims\eims-client_project\eims_client_backend\app\models.py:1597]
